=== Swarm daemon starting at Tue Mar 17 11:16:14 PDT 2026 ===
11:16:14 INFO autodev.swarm.controller: Swarm controller initialized for team autodev-autonomous-development
11:16:15 INFO httpx: HTTP Request: POST https://api.telegram.org/bot8685447637:AAGCWVSvkG9QrpUalBgVwhwi9KL0NvbCUrs/sendMessage "HTTP/1.1 200 OK"
11:16:15 INFO autodev.swarm.planner: Driving planner started
11:18:58 INFO autodev.swarm.planner: Parsed 2 decisions from planner (cycle 1)
11:18:58 INFO autodev.swarm.controller: Created task 321a46b22d7f: Verify tool tracking implementation and commit
11:18:58 INFO autodev.swarm.controller: Spawned agent verify-and-commit (reviewer) for task 321a46b22d7f
11:19:00 WARNING autodev.swarm.controller: Trace streaming error for verify-and-commit: Separator is found, but chunk is longer than limit
11:22:58 INFO autodev.swarm.controller: Re-queued task 321a46b22d7f (Verify tool tracking implementation and commit), attempt 1/3
11:22:59 INFO httpx: HTTP Request: POST https://api.telegram.org/bot8685447637:AAGCWVSvkG9QrpUalBgVwhwi9KL0NvbCUrs/sendMessage "HTTP/1.1 400 Bad Request"
11:25:02 INFO autodev.swarm.planner: Parsed 3 decisions from planner (cycle 2)
11:25:02 INFO autodev.swarm.controller: Created task ab51a906a7b7: Commit config-and-prompts planning features
11:25:02 INFO autodev.swarm.controller: Spawned agent commit-config-planning (reviewer) for task ab51a906a7b7
11:25:02 INFO autodev.swarm.controller: Planner waiting 120s: The tool tracking mission objective is fully met -- all 7 spec items are implemented and committed. Waiting for the config-planning commit agent to finish its housekeeping task, then the swarm can shut down.
11:25:05 WARNING autodev.swarm.controller: Trace streaming error for commit-config-planning: Separator is found, but chunk is longer than limit
11:27:02 INFO autodev.swarm.planner: Cycle 2: 3 decisions (create_task, spawn, wait), 3 ok, 0 failed
11:27:33 INFO autodev.swarm.controller: Re-queued task ab51a906a7b7 (Commit config-and-prompts planning features), attempt 1/3
11:27:33 INFO httpx: HTTP Request: POST https://api.telegram.org/bot8685447637:AAGCWVSvkG9QrpUalBgVwhwi9KL0NvbCUrs/sendMessage "HTTP/1.1 400 Bad Request"
11:28:57 INFO autodev.swarm.planner: Parsed 2 decisions from planner (cycle 3)
11:28:57 INFO autodev.swarm.controller: Auto-assigned spawn 'ground-truth-auditor' to unclaimed task 321a46b22d7f (Verify tool tracking implementation and commit)
11:28:57 INFO autodev.swarm.controller: Spawned agent ground-truth-auditor (reviewer) for task 321a46b22d7f
11:28:57 INFO autodev.swarm.controller: Planner waiting 120s: Let the ground-truth auditor complete its assessment before making any implementation decisions. The auditor needs to read ~6 files and run the test suite, which should take 2-4 minutes. We'll get a structured report of what's done vs missing, then spawn targeted implementation agents only for the gaps.
11:29:00 WARNING autodev.swarm.controller: Trace streaming error for ground-truth-auditor: Separator is found, but chunk is longer than limit
