=== Swarm daemon starting at Sat Mar 21 07:25:42 PDT 2026 ===
07:25:43 INFO autodev.swarm.controller: Swarm controller initialized for team autodev-autonomous-development
07:25:46 INFO httpx: HTTP Request: POST https://api.telegram.org/bot8685447637:AAGCWVSvkG9QrpUalBgVwhwi9KL0NvbCUrs/sendMessage "HTTP/1.1 200 OK"
07:25:46 INFO autodev.swarm.planner: Driving planner started
07:26:39 INFO autodev.swarm.planner: Parsed 3 decisions from planner (cycle 1)
07:26:39 INFO autodev.swarm.controller: Created task 219baeef6c64: Verify tool call tracking is complete on HEAD
07:26:39 INFO autodev.swarm.controller: Spawned agent verify-tool-tracking-head (reviewer) for task 219baeef6c64
07:26:39 INFO autodev.swarm.controller: Planner waiting 120s: Wait for verification agent to confirm current state before spawning any implementation agents. If work is already done, spawning implementers would waste credits.
07:26:42 WARNING autodev.swarm.controller: Trace streaming error for verify-tool-tracking-head: Separator is found, but chunk is longer than limit
07:40:32 INFO autodev.swarm.controller: Re-queued task 219baeef6c64 (Verify tool call tracking is complete on HEAD), attempt 1/3
07:40:33 INFO httpx: HTTP Request: POST https://api.telegram.org/bot8685447637:AAGCWVSvkG9QrpUalBgVwhwi9KL0NvbCUrs/sendMessage "HTTP/1.1 400 Bad Request"
07:42:06 INFO autodev.swarm.planner: Parsed 0 decisions from planner (cycle 2)
07:42:06 INFO autodev.swarm.planner: Cycle 2: 0 decisions (), 0 ok, 0 failed
08:00:54 INFO autodev.swarm.planner: Parsed 2 decisions from planner (cycle 3)
08:00:54 WARNING autodev.swarm.controller: ESCALATION: Mission objective COMPLETE. All 7 spec items from docs/superpowers/specs/2026-03-15-tool-call-tracking-design.md are implemented and verified on HEAD by 4+ independent agents (verify-current-state, verify-tool-tracking-complete, final-git-status-check, final-closeout-verify). Results: 15/15 tool tracking tests pass, 3220+ full suite passes, ruff clean, bandit clean. The sole pending task (219baeef6c64) is a verification loop artifact -- agents confirm the work is done but die without emitting AD_RESULT, so the controller never marks the task complete. Spawning another verifier will repeat this cycle. Recommend marking the mission as successful and closing out.
08:00:54 INFO autodev.swarm.controller: Planner waiting 120s: Waiting for human response to escalation. No agents should be spawned -- all work is verified complete.
08:00:59 INFO httpx: HTTP Request: POST https://api.telegram.org/bot8685447637:AAGCWVSvkG9QrpUalBgVwhwi9KL0NvbCUrs/sendMessage "HTTP/1.1 400 Bad Request"
08:02:54 INFO autodev.swarm.planner: Cycle 3: 2 decisions (escalate, wait), 2 ok, 0 failed
08:04:20 INFO autodev.swarm.planner: Parsed 2 decisions from planner (cycle 4)
08:04:20 INFO autodev.swarm.controller: Spawned agent final-verify-tool-tracking (reviewer) for task 219baeef6c64
08:04:20 INFO autodev.swarm.controller: Planner waiting 120s: Allow the verification agent time to run pytest (~3220 tests), ruff, bandit, and code grep checks. This is a close-out task that should complete within 2-3 minutes.
08:04:22 WARNING autodev.swarm.controller: Trace streaming error for final-verify-tool-tracking: Separator is found, but chunk is longer than limit
08:06:20 INFO autodev.swarm.planner: Cycle 4: 2 decisions (spawn, wait), 2 ok, 0 failed
08:06:50 INFO autodev.swarm.controller: Re-queued task 219baeef6c64 (Verify tool call tracking is complete on HEAD), attempt 2/3
08:06:51 INFO httpx: HTTP Request: POST https://api.telegram.org/bot8685447637:AAGCWVSvkG9QrpUalBgVwhwi9KL0NvbCUrs/sendMessage "HTTP/1.1 400 Bad Request"
08:07:45 INFO autodev.swarm.planner: Parsed 1 decisions from planner (cycle 5)
08:07:45 INFO autodev.swarm.controller: Planner waiting 5s: Mission is COMPLETE. All 7 spec items verified by 4+ independent agents. Full test suite passes (3220 tests), ruff clean, bandit clean. Stopping the swarm — no further agent spawns needed.
08:07:50 INFO autodev.swarm.planner: Cycle 5: 1 decisions (wait), 1 ok, 0 failed
08:09:09 INFO autodev.swarm.planner: Parsed 1 decisions from planner (cycle 6)
08:09:09 INFO autodev.swarm.controller: Planner waiting 0s: Mission is complete. All 7 spec items (DB tables, stream-JSON parsing, _stream_agent_output rewrite, output format switch, planner visibility, CLI command, tests) have been independently verified by 4+ agents: 15/15 tool tracking tests pass, 3220/3220 full suite passes, ruff clean, bandit clean. The 0/1 task counter is a false negative caused by the AD_RESULT tracking bug (ecd6fa2 partial fix). No further work is needed. Swarm should stop.
08:09:09 INFO autodev.swarm.planner: Cycle 6: 1 decisions (wait), 1 ok, 0 failed
08:10:26 INFO autodev.swarm.planner: Parsed 2 decisions from planner (cycle 7)
08:10:26 WARNING autodev.swarm.controller: ESCALATION: Mission objective fully met. All 7 tool-call-tracking spec items (DB tables, stream-json parsing, _stream_agent_output rewrite, output format switch, planner visibility, CLI command, tests) implemented and verified by 4+ independent agents. 3220 tests pass, ruff clean, bandit clean. HEAD at commit 0330003. Recommend terminating the swarm to stop burning credits on re-verification of completed work.
08:10:26 INFO autodev.swarm.controller: Planner waiting 0s: Mission complete. No further work needed. Awaiting swarm termination.
08:10:26 INFO autodev.swarm.planner: Cycle 7: 2 decisions (escalate, wait), 2 ok, 0 failed
08:10:31 INFO httpx: HTTP Request: POST https://api.telegram.org/bot8685447637:AAGCWVSvkG9QrpUalBgVwhwi9KL0NvbCUrs/sendMessage "HTTP/1.1 400 Bad Request"
08:11:37 INFO autodev.swarm.planner: Parsed 0 decisions from planner (cycle 8)
08:11:37 INFO autodev.swarm.planner: Cycle 8: 0 decisions (), 0 ok, 0 failed
08:13:02 INFO autodev.swarm.planner: Parsed 3 decisions from planner (cycle 9)
08:13:02 WARNING autodev.swarm.controller: ESCALATION: Mission COMPLETE: All 7 tool-call-tracking spec items verified by 4+ independent agents. 3220 tests pass, ruff clean, bandit clean. The sole remaining task (219baeef6c64) is a verification task caught in the AD_RESULT false-failure loop (exit 0 + no AD_RESULT = tracking bug, not task failure). No code changes remain. Please mark the mission as complete and stop the swarm.
08:13:02 INFO autodev.swarm.controller: Adjusted swarm config: {'max_agents': 0}
08:13:02 INFO autodev.swarm.controller: Planner waiting 120s: Waiting for human to acknowledge mission completion and stop the swarm. No further agent activity needed.
08:13:08 INFO httpx: HTTP Request: POST https://api.telegram.org/bot8685447637:AAGCWVSvkG9QrpUalBgVwhwi9KL0NvbCUrs/sendMessage "HTTP/1.1 200 OK"
08:15:02 INFO autodev.swarm.planner: Cycle 9: 3 decisions (escalate, adjust, wait), 3 ok, 0 failed
08:16:25 INFO autodev.swarm.planner: Parsed 2 decisions from planner (cycle 10)
08:16:25 INFO autodev.swarm.controller: Spawned agent close-verification-task (general) for task 219baeef6c64
08:16:25 INFO autodev.swarm.controller: Planner waiting 90s: Wait for the close-verification-task agent to run its checks and emit AD_RESULT. This should take under 60 seconds. After this completes, the mission has zero remaining tasks.
08:16:28 WARNING autodev.swarm.controller: Trace streaming error for close-verification-task: Separator is found, but chunk is longer than limit
08:17:55 INFO autodev.swarm.planner: Cycle 10: 2 decisions (spawn, wait), 2 ok, 0 failed
08:18:26 INFO httpx: HTTP Request: POST https://api.telegram.org/bot8685447637:AAGCWVSvkG9QrpUalBgVwhwi9KL0NvbCUrs/sendMessage "HTTP/1.1 400 Bad Request"
08:19:07 INFO autodev.swarm.planner: Parsed 0 decisions from planner (cycle 11)
08:19:07 INFO autodev.swarm.planner: Cycle 11: 0 decisions (), 0 ok, 0 failed
08:19:07 INFO autodev.swarm.planner: Daemon mode: all tasks complete, idling for new directives
08:19:08 INFO httpx: HTTP Request: POST https://api.telegram.org/bot8685447637:AAGCWVSvkG9QrpUalBgVwhwi9KL0NvbCUrs/sendMessage "HTTP/1.1 200 OK"
