15:49:59 INFO autodev.swarm.controller: Swarm controller initialized for team autodev-autonomous-development
15:49:59 INFO autodev.swarm.planner: Driving planner started
15:53:23 INFO autodev.swarm.planner: Parsed 10 decisions from planner (cycle 1)
15:53:23 INFO autodev.swarm.controller: Created task 0c822040ad5f: Create CycleEvaluator in evaluator.py
15:53:23 INFO autodev.swarm.controller: Spawned agent evaluator-impl (implementer) for task 0c822040ad5f
15:53:23 INFO autodev.swarm.controller: Created task 0d810ae61a69: Add _validate_ad_result to SwarmController
15:53:23 INFO autodev.swarm.controller: Spawned agent output-validator (implementer) for task 0d810ae61a69
15:53:23 INFO autodev.swarm.controller: Created task 1320ae2701e5: Add prompt templates and engineering to prompts.py
15:53:23 INFO autodev.swarm.controller: Spawned agent prompts-engineer (implementer) for task 1320ae2701e5
15:53:23 INFO autodev.swarm.controller: Created task 949ad57f5179: Add failure reflection to SwarmLearnings
15:53:23 INFO autodev.swarm.controller: Spawned agent reflection-impl (implementer) for task 949ad57f5179
15:53:23 INFO autodev.swarm.controller: Created task 468e6c72ff03: Wire all integrations into planner.py
15:53:23 INFO autodev.swarm.controller: Created task f8bb61c312ca: Write comprehensive test suite
15:54:50 INFO autodev.swarm.planner: Parsed 3 decisions from planner (cycle 2)
15:54:50 INFO autodev.swarm.controller: Created task bd068afe123c: Add _validate_decisions() to DrivingPlanner
15:54:50 INFO autodev.swarm.controller: Spawned agent validation-gate (implementer) for task bd068afe123c
15:54:50 INFO autodev.swarm.controller: Planner waiting 90s: All 4 existing agents started 30 seconds ago. Let them work. Priority 3 (two-step planner) needs prompts.py which is currently being modified by prompts-engineer -- will create that task after prompts-engineer completes.
15:56:20 INFO autodev.swarm.planner: Cycle 2: 3 decisions (create_task, spawn, wait), 3 ok, 0 failed
15:56:50 INFO autodev.swarm.controller: Auto-committed task 'Add _validate_ad_result to SwarmController': 3a8bd280
15:56:51 INFO autodev.swarm.controller: Auto-committed task 'Add prompt templates and engineering to prompts.py': 963a4c75
15:56:51 INFO autodev.swarm.controller: Auto-committed task 'Add failure reflection to SwarmLearnings': f511dcea
15:56:51 INFO autodev.swarm.learnings: Added learning to /Users/dannyliu/personal_projects/autonomous-development/.autodev-swarm-learnings.md
15:56:51 INFO autodev.swarm.learnings: Added learning to /Users/dannyliu/personal_projects/autonomous-development/.autodev-swarm-learnings.md
15:56:51 INFO autodev.swarm.learnings: Added learning to /Users/dannyliu/personal_projects/autonomous-development/.autodev-swarm-learnings.md
15:56:51 INFO autodev.swarm.learnings: Added learning to /Users/dannyliu/personal_projects/autonomous-development/.autodev-swarm-learnings.md
15:56:51 INFO autodev.swarm.controller: Re-queued task 0c822040ad5f (Create CycleEvaluator in evaluator.py), attempt 1/3
15:57:44 INFO autodev.swarm.planner: Parsed 3 decisions from planner (cycle 3)
15:57:44 INFO autodev.swarm.controller: Spawned agent evaluator-retry (implementer) for task 0c822040ad5f
15:57:44 INFO autodev.swarm.controller: Spawned agent test-writer (tester) for task f8bb61c312ca
15:57:44 INFO autodev.swarm.controller: Planner waiting 90s: validation-gate is only 2min in -- give it time to complete _validate_decisions(). evaluator-retry and test-writer just spawned.
15:59:14 INFO autodev.swarm.planner: Cycle 3: 3 decisions (spawn, spawn, wait), 3 ok, 0 failed
16:00:13 INFO autodev.swarm.planner: Parsed 1 decisions from planner (cycle 4)
16:00:13 INFO autodev.swarm.controller: Planner waiting 90s: All 3 working agents are on correct high-priority tasks with reasonable elapsed times (2-5 min). validation-gate on decision validation, evaluator-retry on CycleEvaluator (2nd attempt), test-writer on test suite. The pending integration task depends on these completing first. No stagnation signals.
16:01:43 INFO autodev.swarm.planner: Cycle 4: 1 decisions (wait), 1 ok, 0 failed
16:02:13 INFO autodev.swarm.controller: Auto-committed task 'Add _validate_decisions() to DrivingPlanner': 0c4af22b
