=== Swarm daemon starting at Sat Mar 21 11:43:20 PDT 2026 ===
11:43:23 INFO autodev.swarm.controller: Swarm controller initialized for team autodev-autonomous-development
11:43:25 INFO httpx: HTTP Request: POST https://api.telegram.org/bot8685447637:AAGCWVSvkG9QrpUalBgVwhwi9KL0NvbCUrs/sendMessage "HTTP/1.1 200 OK"
11:43:25 INFO autodev.swarm.planner: Driving planner started
11:44:23 INFO autodev.swarm.planner: Parsed 3 decisions from planner (cycle 1)
11:44:23 INFO autodev.swarm.controller: Created task af57b0cbb063: Verify tool tracking implementation on current HEAD
11:44:23 INFO autodev.swarm.controller: Spawned agent verify-head-state (general) for task af57b0cbb063
11:44:23 INFO autodev.swarm.controller: Planner waiting 120s: Waiting for verification agent to confirm whether tool tracking is already implemented on HEAD. This determines whether we need implementation agents or can close the mission.
11:44:27 WARNING autodev.swarm.controller: Trace streaming error for verify-head-state: Separator is found, but chunk is longer than limit
11:46:53 INFO autodev.swarm.controller: Re-queued task af57b0cbb063 (Verify tool tracking implementation on current HEAD), attempt 1/3
11:46:54 INFO httpx: HTTP Request: POST https://api.telegram.org/bot8685447637:AAGCWVSvkG9QrpUalBgVwhwi9KL0NvbCUrs/sendMessage "HTTP/1.1 400 Bad Request"
11:47:52 INFO autodev.swarm.planner: Parsed 2 decisions from planner (cycle 2)
11:47:52 INFO autodev.swarm.controller: Auto-assigned spawn 'final-close-verification' to unclaimed task af57b0cbb063 (Verify tool tracking implementation on current HEAD)
11:47:52 INFO autodev.swarm.controller: Spawned agent final-close-verification (tester) for task af57b0cbb063
11:47:52 INFO autodev.swarm.controller: Planner waiting 90s: Give the final verifier time to run the test suite and grep checks. After it completes, mission should be declared complete with no further agent spawns.
11:47:55 WARNING autodev.swarm.controller: Trace streaming error for final-close-verification: Separator is found, but chunk is longer than limit
11:49:22 INFO autodev.swarm.planner: Cycle 2: 2 decisions (spawn, wait), 2 ok, 0 failed
11:49:53 INFO autodev.swarm.controller: Re-queued task af57b0cbb063 (Verify tool tracking implementation on current HEAD), attempt 2/3
11:49:53 INFO httpx: HTTP Request: POST https://api.telegram.org/bot8685447637:AAGCWVSvkG9QrpUalBgVwhwi9KL0NvbCUrs/sendMessage "HTTP/1.1 400 Bad Request"
11:50:45 INFO autodev.swarm.planner: Parsed 1 decisions from planner (cycle 3)
11:50:45 INFO autodev.swarm.controller: Planner waiting 0s: Mission complete. All 7 spec items (DB tables, stream-json parsing, _stream_agent_output rewrite, output format switch, planner visibility, CLI command, tests) are implemented and independently verified by 3+ agents. 3220 tests pass, ruff clean, bandit clean. HEAD at 0330003. Stopping swarm.
11:50:45 INFO autodev.swarm.planner: Cycle 3: 1 decisions (wait), 1 ok, 0 failed
11:52:08 INFO autodev.swarm.planner: Parsed 2 decisions from planner (cycle 4)
11:52:08 WARNING autodev.swarm.controller: ESCALATION: Mission complete. All 7 spec items for tool call tracking are implemented, tested, and verified on HEAD (commit 0330003). 3220 tests pass, ruff clean, bandit clean. The pending verification task has been satisfied by 4+ prior agents. No further agent work is needed -- the swarm should stop.
11:52:08 INFO autodev.swarm.controller: Planner waiting 120s: Mission is complete. Waiting for swarm shutdown. No agents should be spawned.
11:52:13 INFO httpx: HTTP Request: POST https://api.telegram.org/bot8685447637:AAGCWVSvkG9QrpUalBgVwhwi9KL0NvbCUrs/sendMessage "HTTP/1.1 200 OK"
11:54:08 INFO autodev.swarm.planner: Cycle 4: 2 decisions (escalate, wait), 2 ok, 0 failed
11:55:24 INFO autodev.swarm.planner: Parsed 1 decisions from planner (cycle 5)
11:55:24 INFO autodev.swarm.controller: Planner waiting 5s: Mission is complete. All 7 spec items verified by 3+ independent agents. 3220 tests pass, ruff clean, bandit clean. No further agent spawns needed — signaling mission completion to controller.
11:55:29 INFO autodev.swarm.planner: Cycle 5: 1 decisions (wait), 1 ok, 0 failed
11:56:52 INFO autodev.swarm.planner: Parsed 2 decisions from planner (cycle 6)
11:56:52 INFO autodev.swarm.controller: Spawned agent final-task-closer (tester) for task af57b0cbb063
11:56:52 INFO autodev.swarm.controller: Adjusted swarm config: {'max_agents': 1}
11:56:52 INFO autodev.swarm.planner: Cycle 6: 2 decisions (spawn, adjust), 2 ok, 0 failed
11:56:55 WARNING autodev.swarm.controller: Trace streaming error for final-task-closer: Separator is found, but chunk is longer than limit
11:59:22 INFO httpx: HTTP Request: POST https://api.telegram.org/bot8685447637:AAGCWVSvkG9QrpUalBgVwhwi9KL0NvbCUrs/sendMessage "HTTP/1.1 400 Bad Request"
12:00:10 INFO autodev.swarm.planner: Parsed 0 decisions from planner (cycle 7)
12:00:10 INFO autodev.swarm.planner: Cycle 7: 0 decisions (), 0 ok, 0 failed
12:00:10 INFO autodev.swarm.planner: Daemon mode: all tasks complete, idling for new directives
12:00:10 INFO httpx: HTTP Request: POST https://api.telegram.org/bot8685447637:AAGCWVSvkG9QrpUalBgVwhwi9KL0NvbCUrs/sendMessage "HTTP/1.1 200 OK"
